<?xml version="1.0" encoding="UTF-8"?>
<!-- Generated by org.testng.reporters.JUnitXMLReporter -->
<testsuite hostname="CYDOBOLCTBNEM.local" name="Command line test" tests="2" failures="2" timestamp="7 Nov 2015 16:14:37 GMT" time="0.015" errors="0">
  <testcase name="a2d" time="0.004" classname="core_Assignment.web20calculatorTestNG.Web20calculator_mainTest">
    <failure type="java.lang.RuntimeException" message="Test not implemented">
      <![CDATA[java.lang.RuntimeException: Test not implemented
	at core_Assignment.web20calculatorTestNG.Web20calculator_mainTest.a2d(Web20calculator_mainTest.java:9)
... Removed 34 stack frames]]>
    </failure>
  </testcase> <!-- a2d -->
  <testcase name="main" time="0.0" classname="core_Assignment.web20calculatorTestNG.Web20calculator_mainTest">
    <failure type="java.lang.RuntimeException" message="Test not implemented">
      <![CDATA[java.lang.RuntimeException: Test not implemented
	at core_Assignment.web20calculatorTestNG.Web20calculator_mainTest.main(Web20calculator_mainTest.java:14)
... Removed 34 stack frames]]>
    </failure>
  </testcase> <!-- main -->
</testsuite> <!-- Command line test -->
